--------------- Build Started: 02/25/2018 21:45:28 Project: hello, Configuration: ARM GCC 5.4-2016-q2-update Debug ---------------
cydsfit.exe -.appdatapath "C:\Users\Xwx47\AppData\Local\Cypress Semiconductor\PSoC Creator\4.1" -.fdsnotice -.fdswarpdepfile=warp_dependencies.txt -.fdselabdepfile=elab_dependencies.txt -.fdsbldfile=generated_files.txt -.fdsreffile=referenced_files.txt -p C:\Users\Xwx47\Documents\Creator\LMiC\hello.cydsn\hello.cyprj -d CY8C5888LTI-LP097 -s C:\Users\Xwx47\Documents\Creator\LMiC\hello.cydsn\Generated_Source\PSoC5 -- -yv2 -q10 -ygs -o2 -v3 -.fftcfgtype=LE
Elaborating Design...
HDL Generation...
Synthesis...
Tech Mapping...
Analog Placement...
Analog Routing...
Analog Code Generation...
Digital Placement...
Digital Routing...
Bitstream Generation...
Bitstream Verification...
Static timing analysis...
API Generation...
Dependency Generation...
Cleanup...
arm-none-eabi-gcc.exe -mcpu=cortex-m3 -mthumb -I..\lmic -I..\lmic_psoc_port -I. -IGenerated_Source\PSoC5 -Wa,-alh=.\CortexM3\ARM_GCC_541\Debug/lmic.lst -g -D DEBUG -D CFG_sx1276_radio -D CFG_eu868 -D CFG_DEBUG -D CFG_DEBUG_LMIC -D DEBUG_HAL -Wall -ffunction-sections -ffat-lto-objects -Og -std=gnu99 -c ..\lmic\lmic.c -o .\CortexM3\ARM_GCC_541\Debug\lmic.o
..\lmic\lmic.c: In function 'processJoinAccept':
..\lmic\lmic.c:1368:10: warning: unused variable 'mic' [-Wunused-variable]
     u4_t mic  = os_rlsbf4(&LMIC.frame[dlen-4]); // safe before modified by encrypt!
          ^
arm-none-eabi-gcc.exe -mcpu=cortex-m3 -mthumb -I..\lmic -I..\lmic_psoc_port -I. -IGenerated_Source\PSoC5 -Wa,-alh=.\CortexM3\ARM_GCC_541\Debug/radio.lst -g -D DEBUG -D CFG_sx1276_radio -D CFG_eu868 -D CFG_DEBUG -D CFG_DEBUG_LMIC -D DEBUG_HAL -Wall -ffunction-sections -ffat-lto-objects -Og -std=gnu99 -c ..\lmic\radio.c -o .\CortexM3\ARM_GCC_541\Debug\radio.o
arm-none-eabi-gcc.exe -mcpu=cortex-m3 -mthumb -I..\lmic -I..\lmic_psoc_port -I. -IGenerated_Source\PSoC5 -Wa,-alh=.\CortexM3\ARM_GCC_541\Debug/hal.lst -g -D DEBUG -D CFG_sx1276_radio -D CFG_eu868 -D CFG_DEBUG -D CFG_DEBUG_LMIC -D DEBUG_HAL -Wall -ffunction-sections -ffat-lto-objects -Og -std=gnu99 -c ..\lmic_psoc_port\hal.c -o .\CortexM3\ARM_GCC_541\Debug\hal.o
arm-none-eabi-ar.exe -rs .\CortexM3\ARM_GCC_541\Debug\hello.a .\CortexM3\ARM_GCC_541\Debug\UART.o .\CortexM3\ARM_GCC_541\Debug\LED.o .\CortexM3\ARM_GCC_541\Debug\MISO.o .\CortexM3\ARM_GCC_541\Debug\MOSI.o .\CortexM3\ARM_GCC_541\Debug\SCLK.o .\CortexM3\ARM_GCC_541\Debug\SPI.o .\CortexM3\ARM_GCC_541\Debug\SPI_PM.o .\CortexM3\ARM_GCC_541\Debug\SPI_INT.o .\CortexM3\ARM_GCC_541\Debug\SS.o .\CortexM3\ARM_GCC_541\Debug\RST.o .\CortexM3\ARM_GCC_541\Debug\RX.o .\CortexM3\ARM_GCC_541\Debug\TX.o .\CortexM3\ARM_GCC_541\Debug\DIO.o .\CortexM3\ARM_GCC_541\Debug\isr_DIO.o .\CortexM3\ARM_GCC_541\Debug\Timer.o .\CortexM3\ARM_GCC_541\Debug\Timer_PM.o .\CortexM3\ARM_GCC_541\Debug\isr_Timer.o .\CortexM3\ARM_GCC_541\Debug\SPI_IntClock.o .\CortexM3\ARM_GCC_541\Debug\CyDmac.o .\CortexM3\ARM_GCC_541\Debug\CyFlash.o .\CortexM3\ARM_GCC_541\Debug\CyLib.o .\CortexM3\ARM_GCC_541\Debug\cyPm.o .\CortexM3\ARM_GCC_541\Debug\CySpc.o .\CortexM3\ARM_GCC_541\Debug\cyutils.o .\CortexM3\ARM_GCC_541\Debug\timer_clk.o .\CortexM3\ARM_GCC_541\Debug\TP.o .\CortexM3\ARM_GCC_541\Debug\UART_AsmGnu.o .\CortexM3\ARM_GCC_541\Debug\CyBootAsmGnu.o
arm-none-eabi-ar.exe: creating .\CortexM3\ARM_GCC_541\Debug\hello.a
arm-none-eabi-gcc.exe -Wl,--start-group -o C:\Users\Xwx47\Documents\Creator\LMiC\hello.cydsn\CortexM3\ARM_GCC_541\Debug\hello.elf .\CortexM3\ARM_GCC_541\Debug\main.o .\CortexM3\ARM_GCC_541\Debug\aes.o .\CortexM3\ARM_GCC_541\Debug\lmic.o .\CortexM3\ARM_GCC_541\Debug\oslmic.o .\CortexM3\ARM_GCC_541\Debug\radio.o .\CortexM3\ARM_GCC_541\Debug\debug.o .\CortexM3\ARM_GCC_541\Debug\hal.o .\CortexM3\ARM_GCC_541\Debug\cyfitter_cfg.o .\CortexM3\ARM_GCC_541\Debug\cymetadata.o .\CortexM3\ARM_GCC_541\Debug\Cm3Start.o .\CortexM3\ARM_GCC_541\Debug\hello.a "C:\Program Files (x86)\Cypress\PSoC Creator\4.1\PSoC Creator\psoc\content\cycomponentlibrary\CyComponentLibrary.cylib\CortexM3\ARM_GCC_541\Debug\CyComponentLibrary.a" -mcpu=cortex-m3 -mthumb -L Generated_Source\PSoC5 -Wl,-Map,.\CortexM3\ARM_GCC_541\Debug/hello.map -T Generated_Source\PSoC5\cm3gcc.ld -specs=nano.specs -Wl,--gc-sections -g -ffunction-sections -Og -ffat-lto-objects -Wl,--end-group
cyelftool.exe -C C:\Users\Xwx47\Documents\Creator\LMiC\hello.cydsn\CortexM3\ARM_GCC_541\Debug\hello.elf --flash_row_size 256 --flash_size 262144 --flash_offset 0x00000000
cyelftool.exe -S C:\Users\Xwx47\Documents\Creator\LMiC\hello.cydsn\CortexM3\ARM_GCC_541\Debug\hello.elf
Flash used: 5718 of 262144 bytes (2.2 %).
SRAM used: 3001 of 65536 bytes (4.6 %). Stack: 2048 bytes. Heap: 128 bytes.
--------------- Build Succeeded: 02/25/2018 21:47:13 ---------------
